c:\users\jsacco\desktop\ioctldump-master\ioctldump-master\ioctldump\x64\release\vc143.pdb
c:\users\jsacco\desktop\ioctldump-master\ioctldump-master\ioctldump\x64\release\main.obj
c:\users\jsacco\desktop\ioctldump-master\ioctldump-master\x64\release\ioctldump.sys
c:\users\jsacco\desktop\ioctldump-master\ioctldump-master\x64\release\ioctldump.pdb
c:\users\jsacco\desktop\ioctldump-master\ioctldump-master\ioctldump\x64\release\ioctldump.inf
c:\users\jsacco\desktop\ioctldump-master\ioctldump-master\x64\release\ioctldump.cer
c:\users\jsacco\desktop\ioctldump-master\ioctldump-master\x64\release\ioctldump.inf
c:\users\jsacco\desktop\ioctldump-master\ioctldump-master\ioctldump\x64\release\ioctldump.tlog\cl.command.1.tlog
c:\users\jsacco\desktop\ioctldump-master\ioctldump-master\ioctldump\x64\release\ioctldump.tlog\cl.items.tlog
c:\users\jsacco\desktop\ioctldump-master\ioctldump-master\ioctldump\x64\release\ioctldump.tlog\cl.read.1.tlog
c:\users\jsacco\desktop\ioctldump-master\ioctldump-master\ioctldump\x64\release\ioctldump.tlog\cl.write.1.tlog
c:\users\jsacco\desktop\ioctldump-master\ioctldump-master\ioctldump\x64\release\ioctldump.tlog\link.command.1.tlog
c:\users\jsacco\desktop\ioctldump-master\ioctldump-master\ioctldump\x64\release\ioctldump.tlog\link.read.1.tlog
c:\users\jsacco\desktop\ioctldump-master\ioctldump-master\ioctldump\x64\release\ioctldump.tlog\link.secondary.1.tlog
c:\users\jsacco\desktop\ioctldump-master\ioctldump-master\ioctldump\x64\release\ioctldump.tlog\link.write.1.tlog
c:\users\jsacco\desktop\ioctldump-master\ioctldump-master\ioctldump\x64\release\ioctldump.tlog\signtool.command.1.tlog
c:\users\jsacco\desktop\ioctldump-master\ioctldump-master\ioctldump\x64\release\ioctldump.tlog\signtool.read.1.tlog
c:\users\jsacco\desktop\ioctldump-master\ioctldump-master\ioctldump\x64\release\ioctldump.tlog\signtool.timestamp.1.tlog
c:\users\jsacco\desktop\ioctldump-master\ioctldump-master\ioctldump\x64\release\ioctldump.tlog\signtool.write.1.tlog
c:\users\jsacco\desktop\ioctldump-master\ioctldump-master\ioctldump\x64\release\ioctldump.tlog\stampinf.command.1.tlog
c:\users\jsacco\desktop\ioctldump-master\ioctldump-master\ioctldump\x64\release\ioctldump.tlog\stampinf.read.1.tlog
c:\users\jsacco\desktop\ioctldump-master\ioctldump-master\ioctldump\x64\release\ioctldump.tlog\stampinf.write.1.tlog
